[debug] [2025-04-03T21:20:46.642Z] ----------------------------------------------------------------------
[debug] [2025-04-03T21:20:46.644Z] Command:       /usr/bin/node-22 /usr/local/bin/firebase init
[debug] [2025-04-03T21:20:46.645Z] CLI Version:   14.1.0
[debug] [2025-04-03T21:20:46.645Z] Platform:      linux
[debug] [2025-04-03T21:20:46.645Z] Node Version:  v22.14.0
[debug] [2025-04-03T21:20:46.645Z] Time:          Thu Apr 03 2025 23:20:46 GMT+0200 (South Africa Standard Time)
[debug] [2025-04-03T21:20:46.645Z] ----------------------------------------------------------------------
[debug] 
[debug] [2025-04-03T21:20:46.651Z] > command requires scopes: ["email","openid","https://www.googleapis.com/auth/cloudplatformprojects.readonly","https://www.googleapis.com/auth/firebase","https://www.googleapis.com/auth/cloud-platform"]
[debug] [2025-04-03T21:20:46.652Z] > authorizing via signed-in user (princezachariah3@gmail.com)
[info] 
     ######## #### ########  ######## ########     ###     ######  ########
     ##        ##  ##     ## ##       ##     ##  ##   ##  ##       ##
     ######    ##  ########  ######   ########  #########  ######  ######
     ##        ##  ##    ##  ##       ##     ## ##     ##       ## ##
     ##       #### ##     ## ######## ########  ##     ##  ######  ########

You're about to initialize a Firebase project in this directory:

  /home/zynapse/Downloads/salon-queue

[info] 
=== Project Setup
[info] 
[info] First, let's associate this project directory with a Firebase project.
[info] You can create multiple project aliases by running firebase use --add, 
[info] but for now we'll just set up a default project.
[info] 
[debug] [2025-04-03T21:24:22.012Z] Checked if tokens are valid: true, expires at: 1743718790367
[debug] [2025-04-03T21:24:22.013Z] Checked if tokens are valid: true, expires at: 1743718790367
[debug] [2025-04-03T21:24:22.015Z] >>> [apiv2][query] GET https://firebase.googleapis.com/v1beta1/projects pageSize=100
[debug] [2025-04-03T21:24:23.059Z] <<< [apiv2][status] GET https://firebase.googleapis.com/v1beta1/projects 200
[debug] [2025-04-03T21:24:23.059Z] <<< [apiv2][body] GET https://firebase.googleapis.com/v1beta1/projects [omitted]
[info] i  Using project queieing (Salon-que) 
[info] 
=== Hosting Setup
[debug] [2025-04-03T21:24:30.016Z] Checked if tokens are valid: true, expires at: 1743718790367
[debug] [2025-04-03T21:24:30.016Z] Checked if tokens are valid: true, expires at: 1743718790367
[debug] [2025-04-03T21:24:30.016Z] >>> [apiv2][query] GET https://firebase.googleapis.com/v1beta1/projects/queieing [none]
[debug] [2025-04-03T21:24:30.621Z] <<< [apiv2][status] GET https://firebase.googleapis.com/v1beta1/projects/queieing 200
[debug] [2025-04-03T21:24:30.622Z] <<< [apiv2][body] GET https://firebase.googleapis.com/v1beta1/projects/queieing {"projectId":"queieing","projectNumber":"257619042814","displayName":"Salon-que","name":"projects/queieing","resources":{"hostingSite":"queieing","realtimeDatabaseInstance":"queieing-default-rtdb"},"state":"ACTIVE","etag":"1_578c4a5a-f783-49ff-882b-ff000308b519"}
[info] 
[info] Your public directory is the folder (relative to your project directory) that
[info] will contain Hosting assets to be uploaded with firebase deploy. If you
[info] have a build process for your assets, use your build's output directory.
[info] 
[info] ✔  Wrote KingOfFade/404.html 
[debug] [2025-04-03T21:25:08.953Z] >>> [apiv2][query] GET https://www.gstatic.com/firebasejs/releases.json [none]
[debug] [2025-04-03T21:25:09.197Z] <<< [apiv2][status] GET https://www.gstatic.com/firebasejs/releases.json 200
[debug] [2025-04-03T21:25:09.197Z] <<< [apiv2][body] GET https://www.gstatic.com/firebasejs/releases.json {"current":{"version":"11.6.0","browserURL":"https://www.gstatic.com/firebasejs/11.6.0/firebase.js","packageURL":"https://www.gstatic.com/firebasejs/11.6.0/firebase.tgz"},"live":{"version":"11.6","browserURL":"https://www.gstatic.com/firebasejs/live/11.6/firebase.js","packageURL":"https://www.gstatic.com/firebasejs/live/11.6/firebase.tgz"},"components":{"analytics":"https://www.gstatic.com/firebasejs/11.6.0/firebase-analytics.js","app":"https://www.gstatic.com/firebasejs/11.6.0/firebase-app.js","app-check":"https://www.gstatic.com/firebasejs/11.6.0/firebase-app-check.js","auth":"https://www.gstatic.com/firebasejs/11.6.0/firebase-auth.js","auth/cordova":"https://www.gstatic.com/firebasejs/11.6.0/firebase-auth/cordova.js","auth/web-extension":"https://www.gstatic.com/firebasejs/11.6.0/firebase-auth/web-extension.js","functions":"https://www.gstatic.com/firebasejs/11.6.0/firebase-functions.js","firestore":"https://www.gstatic.com/firebasejs/11.6.0/firebase-firestore.js","firestore/lite":"https://www.gstatic.com/firebasejs/11.6.0/firebase-firestore/lite.js","installations":"https://www.gstatic.com/firebasejs/11.6.0/firebase-installations.js","storage":"https://www.gstatic.com/firebasejs/11.6.0/firebase-storage.js","performance":"https://www.gstatic.com/firebasejs/11.6.0/firebase-performance.js","remote-config":"https://www.gstatic.com/firebasejs/11.6.0/firebase-remote-config.js","messaging":"https://www.gstatic.com/firebasejs/11.6.0/firebase-messaging.js","messaging/sw":"https://www.gstatic.com/firebasejs/11.6.0/firebase-messaging/sw.js","database":"https://www.gstatic.com/firebasejs/11.6.0/firebase-database.js","vertexai":"https://www.gstatic.com/firebasejs/11.6.0/firebase-vertexai.js","data-connect":"https://www.gstatic.com/firebasejs/11.6.0/firebase-data-connect.js","firestore.memory":"https://www.gstatic.com/firebasejs/11.6.0/firebase-firestore.memory.js"}}
[info] ✔  Wrote KingOfFade/index.html 
[info] 
[info] i  Didn't detect a .git folder. Assuming /home/zynapse/Downloads/salon-queue is the project root. 
[info] i  Authorizing with GitHub to upload your service account to a GitHub repository's secrets store. 
[info] 
[info] Visit this URL on this device to log in:
[info] https://github.com/login/oauth/authorize?client_id=89cf50f02ac6aaed3484&state=73420111&redirect_uri=http%3A%2F%2Flocalhost%3A9005&scope=read%3Auser%20repo%20public_repo
[info] 
[info] Waiting for authentication...
[debug] [2025-04-03T21:25:35.008Z] >>> [apiv2][query] POST https://github.com/login/oauth/access_token [none]
[debug] [2025-04-03T21:25:35.009Z] >>> [apiv2][body] POST https://github.com/login/oauth/access_token [stream]
[debug] [2025-04-03T21:25:35.487Z] <<< [apiv2][status] POST https://github.com/login/oauth/access_token 200
[debug] [2025-04-03T21:25:35.488Z] <<< [apiv2][body] POST https://github.com/login/oauth/access_token {"access_token":"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","token_type":"bearer","scope":"read:user,repo"}
[debug] [2025-04-03T21:25:35.497Z] >>> [apiv2][query] GET https://api.github.com/user [none]
[debug] [2025-04-03T21:25:35.920Z] <<< [apiv2][status] GET https://api.github.com/user 200
[debug] [2025-04-03T21:25:35.920Z] <<< [apiv2][body] GET https://api.github.com/user {"login":"Zachariah-Nkosi","id":118193532,"node_id":"U_kgDOBwt9fA","avatar_url":"https://avatars.githubusercontent.com/u/118193532?v=4","gravatar_id":"","url":"https://api.github.com/users/Zachariah-Nkosi","html_url":"https://github.com/Zachariah-Nkosi","followers_url":"https://api.github.com/users/Zachariah-Nkosi/followers","following_url":"https://api.github.com/users/Zachariah-Nkosi/following{/other_user}","gists_url":"https://api.github.com/users/Zachariah-Nkosi/gists{/gist_id}","starred_url":"https://api.github.com/users/Zachariah-Nkosi/starred{/owner}{/repo}","subscriptions_url":"https://api.github.com/users/Zachariah-Nkosi/subscriptions","organizations_url":"https://api.github.com/users/Zachariah-Nkosi/orgs","repos_url":"https://api.github.com/users/Zachariah-Nkosi/repos","events_url":"https://api.github.com/users/Zachariah-Nkosi/events{/privacy}","received_events_url":"https://api.github.com/users/Zachariah-Nkosi/received_events","type":"User","user_view_type":"private","site_admin":false,"name":"Zachariah Nkosi","company":null,"blog":"","location":"Cape Town","email":null,"hireable":true,"bio":"Passionate full-stack developer skilled in C#, PHP, JavaScript, Python, HTML5, CSS3, and SQL. I enjoy building dynamic web apps, creating intuitive UIs and UX.","twitter_username":null,"notification_email":null,"public_repos":9,"public_gists":0,"followers":2,"following":0,"created_at":"2022-11-14T14:26:09Z","updated_at":"2025-03-08T11:41:58Z","private_gists":0,"total_private_repos":1,"owned_private_repos":1,"disk_usage":110273,"collaborators":0,"two_factor_authentication":false,"plan":{"name":"free","space":976562499,"collaborators":0,"private_repos":10000}}
[info] 
[info] ✔  Success! Logged into GitHub as Zachariah-Nkosi 
[info] 
[debug] [2025-04-03T21:25:53.598Z] >>> [apiv2][query] GET https://api.github.com/repos/repository/actions/secrets/public-key type=owner
[debug] [2025-04-03T21:25:54.023Z] <<< [apiv2][status] GET https://api.github.com/repos/repository/actions/secrets/public-key 404
[debug] [2025-04-03T21:25:54.023Z] <<< [apiv2][body] GET https://api.github.com/repos/repository/actions/secrets/public-key {"message":"Not Found","documentation_url":"https://docs.github.com/rest","status":"404"}
[info] 
[info] 
[error] ⚠  The provided authorization cannot be used with this repository. If this repository is in an organization, did you remember to grant access? 
[info] 
[info] i  Action required: Visit this URL to ensure access has been granted to the appropriate organization(s) for the Firebase CLI GitHub OAuth App: 
[info] https://github.com/settings/connections/applications/89cf50f02ac6aaed3484
[info] 
